<?xml version="1.0" encoding="UTF-8"?>
<!-- Generated by org.testng.reporters.JUnitReportReporter -->
<testsuite hostname="DESKTOP-D3TC1Q6" failures="0" tests="6" name="testClasses.LoginPageTestClass" time="51.558" errors="0" timestamp="2025-03-24T22:23:22 IST" skipped="0">
  <testcase classname="testClasses.LoginPageTestClass" name="verifyTheExactPageIsOpenWhileHittingTheUrl" time="6.813"/>
  <testcase classname="testClasses.LoginPageTestClass" name="verifySuccessfulLogin" time="8.354"/>
  <testcase classname="testClasses.LoginPageTestClass" name="verifyUnsuccessfulLogin" time="4.774"/>
  <testcase classname="testClasses.LoginPageTestClass" name="verifyUnsuccessfulLogin" time="8.902"/>
  <testcase classname="testClasses.LoginPageTestClass" name="verifyUnsuccessfulLogin" time="6.967"/>
  <testcase classname="testClasses.LoginPageTestClass" name="verifyResetPasswordPageOpensWhileClickingOnThe_ForgotYourPassword_Link" time="15.748"/>
</testsuite> <!-- testClasses.LoginPageTestClass -->
