<?xml version="1.0" encoding="UTF-8"?>
<!-- Generated by org.testng.reporters.JUnitReportReporter -->
<testsuite hostname="DESKTOP-D3TC1Q6" failures="0" tests="1" name="testClasses.UsersPageTestClass" time="27.568" errors="0" timestamp="2025-03-19T23:46:59 IST" skipped="0">
  <testcase classname="testClasses.UsersPageTestClass" name="verifyThe_AddedUser_CanBeEdited" time="27.568"/>
</testsuite> <!-- testClasses.UsersPageTestClass -->
