<?xml version="1.0" encoding="UTF-8"?>
<!-- Generated by org.testng.reporters.JUnitReportReporter -->
<testsuite hostname="DESKTOP-D3TC1Q6" failures="0" tests="1" name="testClasses.LoginPageTestClass" time="9.898" errors="0" timestamp="2025-03-19T18:42:56 IST" skipped="0">
  <testcase classname="testClasses.LoginPageTestClass" name="verifySuccessfulLogin" time="9.898"/>
</testsuite> <!-- testClasses.LoginPageTestClass -->
