<?xml version="1.0" encoding="UTF-8"?>
<!-- Generated by org.testng.reporters.JUnitReportReporter -->
<testsuite hostname="DESKTOP-D3TC1Q6" failures="0" tests="2" name="testClasses.LoginPageTestClass" time="18.139" errors="0" timestamp="2025-03-23T17:13:40 IST" skipped="0">
  <testcase classname="testClasses.LoginPageTestClass" name="verifyTheExactPageIsOpenWhileHittingTheUrl" time="12.542"/>
  <testcase classname="testClasses.LoginPageTestClass" name="verifyResetPasswordPageOpensWhileClickingOnThe_ForgotYourPassword_Link" time="5.597"/>
</testsuite> <!-- testClasses.LoginPageTestClass -->
