<?xml version="1.0" encoding="UTF-8"?>
<!-- Generated by org.testng.reporters.JUnitReportReporter -->
<testsuite hostname="DESKTOP-D3TC1Q6" failures="0" tests="6" name="testClasses.LoginPageTestClass" time="58.517" errors="0" timestamp="2025-03-24T23:00:39 IST" skipped="0">
  <testcase classname="testClasses.LoginPageTestClass" name="verifyTheExactPageIsOpenWhileHittingTheUrl" time="6.522"/>
  <testcase classname="testClasses.LoginPageTestClass" name="verifySuccessfulLogin" time="21.116"/>
  <testcase classname="testClasses.LoginPageTestClass" name="verifyUnsuccessfulLogin" time="7.053"/>
  <testcase classname="testClasses.LoginPageTestClass" name="verifyUnsuccessfulLogin" time="8.576"/>
  <testcase classname="testClasses.LoginPageTestClass" name="verifyUnsuccessfulLogin" time="7.210"/>
  <testcase classname="testClasses.LoginPageTestClass" name="verifyResetPasswordPageOpensWhileClickingOnThe_ForgotYourPassword_Link" time="8.040"/>
</testsuite> <!-- testClasses.LoginPageTestClass -->
