<?xml version="1.0" encoding="UTF-8"?>
<!-- Generated by org.testng.reporters.JUnitReportReporter -->
<testsuite hostname="DESKTOP-D3TC1Q6" failures="0" tests="2" name="testClasses.DashboardPageTestClass" time="25.453" errors="0" timestamp="2025-03-24T23:00:39 IST" skipped="0">
  <testcase classname="testClasses.DashboardPageTestClass" name="verifyUsersPageOpensWhileClickingOnThe_UserManagement" time="15.680"/>
  <testcase classname="testClasses.DashboardPageTestClass" name="verifyTheToolTipInTodaysProfitIcon" time="9.773"/>
</testsuite> <!-- testClasses.DashboardPageTestClass -->
