<?xml version="1.0" encoding="UTF-8"?>
<!-- Generated by org.testng.reporters.JUnitReportReporter -->
<testsuite hostname="DESKTOP-D3TC1Q6" failures="0" tests="1" name="testClasses.DashboardPageTestClass" time="11.642" errors="0" timestamp="2025-03-19T21:56:22 IST" skipped="0">
  <testcase classname="testClasses.DashboardPageTestClass" name="verifyTheToolTipInTodaysProfitIcon" time="11.642"/>
</testsuite> <!-- testClasses.DashboardPageTestClass -->
