<?xml version="1.0" encoding="UTF-8"?>
<!-- Generated by org.testng.reporters.JUnitReportReporter -->
<testsuite hostname="DESKTOP-D3TC1Q6" failures="0" tests="8" name="testClasses.UsersPageTestClass" time="183.989" errors="0" timestamp="2025-03-24T23:00:39 IST" skipped="1">
  <testcase classname="testClasses.UsersPageTestClass" name="verifyUserIsAdded" time="23.421"/>
  <testcase classname="testClasses.UsersPageTestClass" name="verifyErrorMessageAppearsifMandatoryField_firstName_IsNotProvided" time="14.796"/>
  <testcase classname="testClasses.UsersPageTestClass" name="verifyThe_IsActive_checkboxIsSelectedByDefault" time="19.627"/>
  <testcase classname="testClasses.UsersPageTestClass" name="verifyAConfirmationPopUpAppearsWhileDeletingAnUser" time="22.215"/>
  <testcase classname="testClasses.UsersPageTestClass" name="verifyThe_AddedUser_CanBeDeleted" time="29.700">
    <skipped/>
  </testcase> <!-- verifyThe_AddedUser_CanBeDeleted -->
  <testcase classname="testClasses.UsersPageTestClass" name="verifyThe_AddedUser_CanBeDeleted" time="19.603"/>
  <testcase classname="testClasses.UsersPageTestClass" name="verifyEditUserpageAppearsWhileClickingOnTheEditButton" time="24.478"/>
  <testcase classname="testClasses.UsersPageTestClass" name="verifyThe_AddedUser_CanBeEdited" time="30.149"/>
</testsuite> <!-- testClasses.UsersPageTestClass -->
